<会議タイトル>講評フィールドテスト会議</会議タイトル>
<参加者>田中太郎,佐藤花子,鈴木次郎</参加者>
<会議日時>2025-01-01 14:00:00</会議日時>
<会議場所>オンライン会議室</会議場所>
<部門>開発部</部門>
<大分類>プロジェクト会議</大分類>
<中分類>機能開発</中分類>
<小分類>新機能実装</小分類>
<要約>講評フィールドの実装について検討\n改行処理の対応も含めて実装する/n既存機能への影響を最小限に抑える</要約>
<講評>実装は予定通り完了\n/n以下の点で優れた成果となった：\n・既存機能への影響なし/n・改行処理の統一化\n・UI/UXの一貫性維持</講評>
<議事録><h2>議事録</h2>
<h3>1. 実装方針の確認</h3>
<p>講評フィールドを要約の直後に配置することを確認。</p>

<h3>2. 改行処理の改善</h3>
<p>従来の\nに加えて、/nも改行として処理するよう改善。</p>

<h3>3. PDFレイアウトの調整</h3>
<p>PDF出力時に講評が要約の下に適切に配置されることを確認。</p></議事録>
